Build started 5/2/2017 3:22:43 PM.
     1>Project "C:\Users\cc113884\Desktop\CPlusPlusRepository\RandomNumberGenerator\RandomNumberGenerator\RandomNumberGenerator.vcxproj" on node 2 (Build target(s)).
     1>ClCompile:
         C:\Program Files (x86)\Microsoft Visual Studio 12.0\VC\bin\CL.exe /c /ZI /nologo /W3 /WX- /sdl /Od /Oy- /D WIN32 /D _DEBUG /D _CONSOLE /D _LIB /D _UNICODE /D UNICODE /Gm /EHsc /RTC1 /MDd /GS /fp:precise /Zc:wchar_t /Zc:forScope /Fo"Debug\\" /Fd"Debug\vc120.pdb" /Gd /TP /analyze- /errorReport:prompt Source.cpp
         Source.cpp
     1>c:\users\cc113884\desktop\cplusplusrepository\randomnumbergenerator\randomnumbergenerator\source.cpp(36): fatal error C1075: end of file found before the left brace '{' at 'c:\users\cc113884\desktop\cplusplusrepository\randomnumbergenerator\randomnumbergenerator\source.cpp(7)' was matched
     1>Done Building Project "C:\Users\cc113884\Desktop\CPlusPlusRepository\RandomNumberGenerator\RandomNumberGenerator\RandomNumberGenerator.vcxproj" (Build target(s)) -- FAILED.

Build FAILED.

Time Elapsed 00:00:01.58
