Build started 5/2/2017 10:23:05 AM.
     1>Project "C:\Users\cc113884\Desktop\CPlusPlusRepository\AnimatedCircles\AnimatedCircles\AnimatedCircles.vcxproj" on node 2 (Build target(s)).
     1>ClCompile:
         C:\Program Files (x86)\Microsoft Visual Studio 12.0\VC\bin\CL.exe /c /ZI /nologo /W3 /WX- /sdl /Od /Oy- /D WIN32 /D _DEBUG /D _CONSOLE /D _LIB /D _UNICODE /D UNICODE /Gm /EHsc /RTC1 /MDd /GS /fp:precise /Zc:wchar_t /Zc:forScope /Fo"Debug\\" /Fd"Debug\vc120.pdb" /Gd /TP /analyze- /errorReport:prompt SourceACircles.cpp
         SourceACircles.cpp
     1>c:\users\cc113884\desktop\cplusplusrepository\animatedcircles\animatedcircles\sourceacircles.cpp(1): error C2146: syntax error : missing ';' before identifier 'Circles'
     1>c:\users\cc113884\desktop\cplusplusrepository\animatedcircles\animatedcircles\sourceacircles.cpp(1): error C4430: missing type specifier - int assumed. Note: C++ does not support default-int
     1>c:\users\cc113884\desktop\cplusplusrepository\animatedcircles\animatedcircles\sourceacircles.cpp(1): error C2146: syntax error : missing ';' before identifier 'In'
     1>c:\users\cc113884\desktop\cplusplusrepository\animatedcircles\animatedcircles\sourceacircles.cpp(1): error C2146: syntax error : missing ';' before identifier 'C'
     1>c:\users\cc113884\desktop\cplusplusrepository\animatedcircles\animatedcircles\sourceacircles.cpp(1): error C2143: syntax error : missing ';' before '++'
     1>c:\program files (x86)\microsoft visual studio 12.0\vc\include\sal.h(2381): error C2143: syntax error : missing ';' before '{'
     1>c:\program files (x86)\microsoft visual studio 12.0\vc\include\sal.h(2381): error C2447: '{' : missing function header (old-style formal list?)
     1>c:\users\cc113884\desktop\cplusplusrepository\animatedcircles\animatedcircles\sourceacircles.cpp(5): fatal error C1083: Cannot open include file: 'graphics.h': No such file or directory
     1>Done Building Project "C:\Users\cc113884\Desktop\CPlusPlusRepository\AnimatedCircles\AnimatedCircles\AnimatedCircles.vcxproj" (Build target(s)) -- FAILED.

Build FAILED.

Time Elapsed 00:00:02.21
